<?xml version="1.0" encoding="UTF-8"?>
<!-- Generated by org.testng.reporters.JUnitReportReporter -->
<testsuite hostname="preethicute" name="org.test.Sample" tests="1" failures="0" timestamp="21 May 2019 05:57:10 GMT" time="31.516" errors="0">
  <testcase name="test1" time="31.516" classname="org.test.Sample"/>
</testsuite> <!-- org.test.Sample -->
